This is pdfTeX, Version 3.14159265-2.6-1.40.17 (TeX Live 2016) (preloaded format=pdflatex 2016.5.22)  15 JUN 2017 00:54
entering extended mode
 restricted \write18 enabled.
 file:line:error style messages enabled.
 %&-line parsing enabled.
**final.tex
(./final.tex
LaTeX2e <2016/03/31>
Babel <3.9r> and hyphenation patterns for 83 language(s) loaded.
(./Askarticle.cls

LaTeX Warning: You have requested document class `Askarticle',
               but the document class provides `article'.

Document Class: article 2014/09/29 v1.4h Standard LaTeX document class
(/usr/local/texlive/2016/texmf-dist/tex/latex/base/size10.clo
File: size10.clo 2014/09/29 v1.4h Standard LaTeX file (size option)
)
\c@part=\count79
\c@section=\count80
\c@subsection=\count81
\c@subsubsection=\count82
\c@paragraph=\count83
\c@subparagraph=\count84
\c@figure=\count85
\c@table=\count86
\abovecaptionskip=\skip41
\belowcaptionskip=\skip42
\bibindent=\dimen102
)
(/usr/local/texlive/2016/texmf-dist/tex/latex/base/inputenc.sty
Package: inputenc 2015/03/17 v1.2c Input encoding file
\inpenc@prehook=\toks14
\inpenc@posthook=\toks15

(/usr/local/texlive/2016/texmf-dist/tex/latex/base/utf8.def
File: utf8.def 2016/02/28 v1.1s UTF-8 support for inputenc
Now handling font encoding OML ...
... no UTF-8 mapping file for font encoding OML
Now handling font encoding T1 ...
... processing UTF-8 mapping file for font encoding T1

(/usr/local/texlive/2016/texmf-dist/tex/latex/base/t1enc.dfu
File: t1enc.dfu 2016/02/28 v1.1s UTF-8 support for inputenc
   defining Unicode char U+00A0 (decimal 160)
   defining Unicode char U+00A1 (decimal 161)
   defining Unicode char U+00A3 (decimal 163)
   defining Unicode char U+00AB (decimal 171)
   defining Unicode char U+00AD (decimal 173)
   defining Unicode char U+00BB (decimal 187)
   defining Unicode char U+00BF (decimal 191)
   defining Unicode char U+00C0 (decimal 192)
   defining Unicode char U+00C1 (decimal 193)
   defining Unicode char U+00C2 (decimal 194)
   defining Unicode char U+00C3 (decimal 195)
   defining Unicode char U+00C4 (decimal 196)
   defining Unicode char U+00C5 (decimal 197)
   defining Unicode char U+00C6 (decimal 198)
   defining Unicode char U+00C7 (decimal 199)
   defining Unicode char U+00C8 (decimal 200)
   defining Unicode char U+00C9 (decimal 201)
   defining Unicode char U+00CA (decimal 202)
   defining Unicode char U+00CB (decimal 203)
   defining Unicode char U+00CC (decimal 204)
   defining Unicode char U+00CD (decimal 205)
   defining Unicode char U+00CE (decimal 206)
   defining Unicode char U+00CF (decimal 207)
   defining Unicode char U+00D0 (decimal 208)
   defining Unicode char U+00D1 (decimal 209)
   defining Unicode char U+00D2 (decimal 210)
   defining Unicode char U+00D3 (decimal 211)
   defining Unicode char U+00D4 (decimal 212)
   defining Unicode char U+00D5 (decimal 213)
   defining Unicode char U+00D6 (decimal 214)
   defining Unicode char U+00D8 (decimal 216)
   defining Unicode char U+00D9 (decimal 217)
   defining Unicode char U+00DA (decimal 218)
   defining Unicode char U+00DB (decimal 219)
   defining Unicode char U+00DC (decimal 220)
   defining Unicode char U+00DD (decimal 221)
   defining Unicode char U+00DE (decimal 222)
   defining Unicode char U+00DF (decimal 223)
   defining Unicode char U+00E0 (decimal 224)
   defining Unicode char U+00E1 (decimal 225)
   defining Unicode char U+00E2 (decimal 226)
   defining Unicode char U+00E3 (decimal 227)
   defining Unicode char U+00E4 (decimal 228)
   defining Unicode char U+00E5 (decimal 229)
   defining Unicode char U+00E6 (decimal 230)
   defining Unicode char U+00E7 (decimal 231)
   defining Unicode char U+00E8 (decimal 232)
   defining Unicode char U+00E9 (decimal 233)
   defining Unicode char U+00EA (decimal 234)
   defining Unicode char U+00EB (decimal 235)
   defining Unicode char U+00EC (decimal 236)
   defining Unicode char U+00ED (decimal 237)
   defining Unicode char U+00EE (decimal 238)
   defining Unicode char U+00EF (decimal 239)
   defining Unicode char U+00F0 (decimal 240)
   defining Unicode char U+00F1 (decimal 241)
   defining Unicode char U+00F2 (decimal 242)
   defining Unicode char U+00F3 (decimal 243)
   defining Unicode char U+00F4 (decimal 244)
   defining Unicode char U+00F5 (decimal 245)
   defining Unicode char U+00F6 (decimal 246)
   defining Unicode char U+00F8 (decimal 248)
   defining Unicode char U+00F9 (decimal 249)
   defining Unicode char U+00FA (decimal 250)
   defining Unicode char U+00FB (decimal 251)
   defining Unicode char U+00FC (decimal 252)
   defining Unicode char U+00FD (decimal 253)
   defining Unicode char U+00FE (decimal 254)
   defining Unicode char U+00FF (decimal 255)
   defining Unicode char U+0100 (decimal 256)
   defining Unicode char U+0101 (decimal 257)
   defining Unicode char U+0102 (decimal 258)
   defining Unicode char U+0103 (decimal 259)
   defining Unicode char U+0104 (decimal 260)
   defining Unicode char U+0105 (decimal 261)
   defining Unicode char U+0106 (decimal 262)
   defining Unicode char U+0107 (decimal 263)
   defining Unicode char U+0108 (decimal 264)
   defining Unicode char U+0109 (decimal 265)
   defining Unicode char U+010A (decimal 266)
   defining Unicode char U+010B (decimal 267)
   defining Unicode char U+010C (decimal 268)
   defining Unicode char U+010D (decimal 269)
   defining Unicode char U+010E (decimal 270)
   defining Unicode char U+010F (decimal 271)
   defining Unicode char U+0110 (decimal 272)
   defining Unicode char U+0111 (decimal 273)
   defining Unicode char U+0112 (decimal 274)
   defining Unicode char U+0113 (decimal 275)
   defining Unicode char U+0114 (decimal 276)
   defining Unicode char U+0115 (decimal 277)
   defining Unicode char U+0116 (decimal 278)
   defining Unicode char U+0117 (decimal 279)
   defining Unicode char U+0118 (decimal 280)
   defining Unicode char U+0119 (decimal 281)
   defining Unicode char U+011A (decimal 282)
   defining Unicode char U+011B (decimal 283)
   defining Unicode char U+011C (decimal 284)
   defining Unicode char U+011D (decimal 285)
   defining Unicode char U+011E (decimal 286)
   defining Unicode char U+011F (decimal 287)
   defining Unicode char U+0120 (decimal 288)
   defining Unicode char U+0121 (decimal 289)
   defining Unicode char U+0122 (decimal 290)
   defining Unicode char U+0123 (decimal 291)
   defining Unicode char U+0124 (decimal 292)
   defining Unicode char U+0125 (decimal 293)
   defining Unicode char U+0128 (decimal 296)
   defining Unicode char U+0129 (decimal 297)
   defining Unicode char U+012A (decimal 298)
   defining Unicode char U+012B (decimal 299)
   defining Unicode char U+012C (decimal 300)
   defining Unicode char U+012D (decimal 301)
   defining Unicode char U+012E (decimal 302)
   defining Unicode char U+012F (decimal 303)
   defining Unicode char U+0130 (decimal 304)
   defining Unicode char U+0131 (decimal 305)
   defining Unicode char U+0132 (decimal 306)
   defining Unicode char U+0133 (decimal 307)
   defining Unicode char U+0134 (decimal 308)
   defining Unicode char U+0135 (decimal 309)
   defining Unicode char U+0136 (decimal 310)
   defining Unicode char U+0137 (decimal 311)
   defining Unicode char U+0139 (decimal 313)
   defining Unicode char U+013A (decimal 314)
   defining Unicode char U+013B (decimal 315)
   defining Unicode char U+013C (decimal 316)
   defining Unicode char U+013D (decimal 317)
   defining Unicode char U+013E (decimal 318)
   defining Unicode char U+0141 (decimal 321)
   defining Unicode char U+0142 (decimal 322)
   defining Unicode char U+0143 (decimal 323)
   defining Unicode char U+0144 (decimal 324)
   defining Unicode char U+0145 (decimal 325)
   defining Unicode char U+0146 (decimal 326)
   defining Unicode char U+0147 (decimal 327)
   defining Unicode char U+0148 (decimal 328)
   defining Unicode char U+014A (decimal 330)
   defining Unicode char U+014B (decimal 331)
   defining Unicode char U+014C (decimal 332)
   defining Unicode char U+014D (decimal 333)
   defining Unicode char U+014E (decimal 334)
   defining Unicode char U+014F (decimal 335)
   defining Unicode char U+0150 (decimal 336)
   defining Unicode char U+0151 (decimal 337)
   defining Unicode char U+0152 (decimal 338)
   defining Unicode char U+0153 (decimal 339)
   defining Unicode char U+0154 (decimal 340)
   defining Unicode char U+0155 (decimal 341)
   defining Unicode char U+0156 (decimal 342)
   defining Unicode char U+0157 (decimal 343)
   defining Unicode char U+0158 (decimal 344)
   defining Unicode char U+0159 (decimal 345)
   defining Unicode char U+015A (decimal 346)
   defining Unicode char U+015B (decimal 347)
   defining Unicode char U+015C (decimal 348)
   defining Unicode char U+015D (decimal 349)
   defining Unicode char U+015E (decimal 350)
   defining Unicode char U+015F (decimal 351)
   defining Unicode char U+0160 (decimal 352)
   defining Unicode char U+0161 (decimal 353)
   defining Unicode char U+0162 (decimal 354)
   defining Unicode char U+0163 (decimal 355)
   defining Unicode char U+0164 (decimal 356)
   defining Unicode char U+0165 (decimal 357)
   defining Unicode char U+0168 (decimal 360)
   defining Unicode char U+0169 (decimal 361)
   defining Unicode char U+016A (decimal 362)
   defining Unicode char U+016B (decimal 363)
   defining Unicode char U+016C (decimal 364)
   defining Unicode char U+016D (decimal 365)
   defining Unicode char U+016E (decimal 366)
   defining Unicode char U+016F (decimal 367)
   defining Unicode char U+0170 (decimal 368)
   defining Unicode char U+0171 (decimal 369)
   defining Unicode char U+0172 (decimal 370)
   defining Unicode char U+0173 (decimal 371)
   defining Unicode char U+0174 (decimal 372)
   defining Unicode char U+0175 (decimal 373)
   defining Unicode char U+0176 (decimal 374)
   defining Unicode char U+0177 (decimal 375)
   defining Unicode char U+0178 (decimal 376)
   defining Unicode char U+0179 (decimal 377)
   defining Unicode char U+017A (decimal 378)
   defining Unicode char U+017B (decimal 379)
   defining Unicode char U+017C (decimal 380)
   defining Unicode char U+017D (decimal 381)
   defining Unicode char U+017E (decimal 382)
   defining Unicode char U+01CD (decimal 461)
   defining Unicode char U+01CE (decimal 462)
   defining Unicode char U+01CF (decimal 463)
   defining Unicode char U+01D0 (decimal 464)
   defining Unicode char U+01D1 (decimal 465)
   defining Unicode char U+01D2 (decimal 466)
   defining Unicode char U+01D3 (decimal 467)
   defining Unicode char U+01D4 (decimal 468)
   defining Unicode char U+01E2 (decimal 482)
   defining Unicode char U+01E3 (decimal 483)
   defining Unicode char U+01E6 (decimal 486)
   defining Unicode char U+01E7 (decimal 487)
   defining Unicode char U+01E8 (decimal 488)
   defining Unicode char U+01E9 (decimal 489)
   defining Unicode char U+01EA (decimal 490)
   defining Unicode char U+01EB (decimal 491)
   defining Unicode char U+01F0 (decimal 496)
   defining Unicode char U+01F4 (decimal 500)
   defining Unicode char U+01F5 (decimal 501)
   defining Unicode char U+0218 (decimal 536)
   defining Unicode char U+0219 (decimal 537)
   defining Unicode char U+021A (decimal 538)
   defining Unicode char U+021B (decimal 539)
   defining Unicode char U+1E02 (decimal 7682)
   defining Unicode char U+1E03 (decimal 7683)
   defining Unicode char U+200C (decimal 8204)
   defining Unicode char U+2010 (decimal 8208)
   defining Unicode char U+2011 (decimal 8209)
   defining Unicode char U+2012 (decimal 8210)
   defining Unicode char U+2013 (decimal 8211)
   defining Unicode char U+2014 (decimal 8212)
   defining Unicode char U+2015 (decimal 8213)
   defining Unicode char U+2018 (decimal 8216)
   defining Unicode char U+2019 (decimal 8217)
   defining Unicode char U+201A (decimal 8218)
   defining Unicode char U+201C (decimal 8220)
   defining Unicode char U+201D (decimal 8221)
   defining Unicode char U+201E (decimal 8222)
   defining Unicode char U+2030 (decimal 8240)
   defining Unicode char U+2031 (decimal 8241)
   defining Unicode char U+2039 (decimal 8249)
   defining Unicode char U+203A (decimal 8250)
   defining Unicode char U+2423 (decimal 9251)
)
Now handling font encoding OT1 ...
... processing UTF-8 mapping file for font encoding OT1

(/usr/local/texlive/2016/texmf-dist/tex/latex/base/ot1enc.dfu
File: ot1enc.dfu 2016/02/28 v1.1s UTF-8 support for inputenc
   defining Unicode char U+00A0 (decimal 160)
   defining Unicode char U+00A1 (decimal 161)
   defining Unicode char U+00A3 (decimal 163)
   defining Unicode char U+00AD (decimal 173)
   defining Unicode char U+00B8 (decimal 184)
   defining Unicode char U+00BF (decimal 191)
   defining Unicode char U+00C5 (decimal 197)
   defining Unicode char U+00C6 (decimal 198)
   defining Unicode char U+00D8 (decimal 216)
   defining Unicode char U+00DF (decimal 223)
   defining Unicode char U+00E6 (decimal 230)
   defining Unicode char U+00EC (decimal 236)
   defining Unicode char U+00ED (decimal 237)
   defining Unicode char U+00EE (decimal 238)
   defining Unicode char U+00EF (decimal 239)
   defining Unicode char U+00F8 (decimal 248)
   defining Unicode char U+0131 (decimal 305)
   defining Unicode char U+0141 (decimal 321)
   defining Unicode char U+0142 (decimal 322)
   defining Unicode char U+0152 (decimal 338)
   defining Unicode char U+0153 (decimal 339)
   defining Unicode char U+0174 (decimal 372)
   defining Unicode char U+0175 (decimal 373)
   defining Unicode char U+0176 (decimal 374)
   defining Unicode char U+0177 (decimal 375)
   defining Unicode char U+0218 (decimal 536)
   defining Unicode char U+0219 (decimal 537)
   defining Unicode char U+021A (decimal 538)
   defining Unicode char U+021B (decimal 539)
   defining Unicode char U+2013 (decimal 8211)
   defining Unicode char U+2014 (decimal 8212)
   defining Unicode char U+2018 (decimal 8216)
   defining Unicode char U+2019 (decimal 8217)
   defining Unicode char U+201C (decimal 8220)
   defining Unicode char U+201D (decimal 8221)
)
Now handling font encoding OMS ...
... processing UTF-8 mapping file for font encoding OMS

(/usr/local/texlive/2016/texmf-dist/tex/latex/base/omsenc.dfu
File: omsenc.dfu 2016/02/28 v1.1s UTF-8 support for inputenc
   defining Unicode char U+00A7 (decimal 167)
   defining Unicode char U+00B6 (decimal 182)
   defining Unicode char U+00B7 (decimal 183)
   defining Unicode char U+2020 (decimal 8224)
   defining Unicode char U+2021 (decimal 8225)
   defining Unicode char U+2022 (decimal 8226)
)
Now handling font encoding OMX ...
... no UTF-8 mapping file for font encoding OMX
Now handling font encoding U ...
... no UTF-8 mapping file for font encoding U
   defining Unicode char U+00A9 (decimal 169)
   defining Unicode char U+00AA (decimal 170)
   defining Unicode char U+00AE (decimal 174)
   defining Unicode char U+00BA (decimal 186)
   defining Unicode char U+02C6 (decimal 710)
   defining Unicode char U+02DC (decimal 732)
   defining Unicode char U+200C (decimal 8204)
   defining Unicode char U+2026 (decimal 8230)
   defining Unicode char U+2122 (decimal 8482)
   defining Unicode char U+2423 (decimal 9251)
))
(/usr/local/texlive/2016/texmf-dist/tex/latex/fancyhdr/fancyhdr.sty
\fancy@headwidth=\skip43
\f@ncyO@elh=\skip44
\f@ncyO@erh=\skip45
\f@ncyO@olh=\skip46
\f@ncyO@orh=\skip47
\f@ncyO@elf=\skip48
\f@ncyO@erf=\skip49
\f@ncyO@olf=\skip50
\f@ncyO@orf=\skip51
)
(/usr/local/texlive/2016/texmf-dist/tex/latex/lastpage/lastpage.sty
Package: lastpage 2015/03/29 v1.2m Refers to last page's name (HMM; JPG)
)
(/usr/local/texlive/2016/texmf-dist/tex/latex/fancyhdr/extramarks.sty
\@temptokenb=\toks16
)
(/usr/local/texlive/2016/texmf-dist/tex/latex/graphics/graphicx.sty
Package: graphicx 2014/10/28 v1.0g Enhanced LaTeX Graphics (DPC,SPQR)

(/usr/local/texlive/2016/texmf-dist/tex/latex/graphics/keyval.sty
Package: keyval 2014/10/28 v1.15 key=value parser (DPC)
\KV@toks@=\toks17
)
(/usr/local/texlive/2016/texmf-dist/tex/latex/graphics/graphics.sty
Package: graphics 2016/05/09 v1.0r Standard LaTeX Graphics (DPC,SPQR)

(/usr/local/texlive/2016/texmf-dist/tex/latex/graphics/trig.sty
Package: trig 2016/01/03 v1.10 sin cos tan (DPC)
)
(/usr/local/texlive/2016/texmf-dist/tex/latex/graphics-cfg/graphics.cfg
File: graphics.cfg 2016/01/02 v1.10 sample graphics configuration
)
Package graphics Info: Driver file: pdftex.def on input line 96.

(/usr/local/texlive/2016/texmf-dist/tex/latex/pdftex-def/pdftex.def
File: pdftex.def 2011/05/27 v0.06d Graphics/color for pdfTeX

(/usr/local/texlive/2016/texmf-dist/tex/generic/oberdiek/infwarerr.sty
Package: infwarerr 2016/05/16 v1.4 Providing info/warning/error messages (HO)
)
(/usr/local/texlive/2016/texmf-dist/tex/generic/oberdiek/ltxcmds.sty
Package: ltxcmds 2016/05/16 v1.23 LaTeX kernel commands for general use (HO)
)
\Gread@gobject=\count87
))
\Gin@req@height=\dimen103
\Gin@req@width=\dimen104
)
(/usr/local/texlive/2016/texmf-dist/tex/latex/lipsum/lipsum.sty
Package: lipsum 2014/07/27 v1.3 150 paragraphs of Lorem Ipsum dummy text
\c@lips@count=\count88
)
(/usr/local/texlive/2016/texmf-dist/tex/latex/amsmath/amsmath.sty
Package: amsmath 2016/03/10 v2.15b AMS math features
\@mathmargin=\skip52

For additional information on amsmath, use the `?' option.
(/usr/local/texlive/2016/texmf-dist/tex/latex/amsmath/amstext.sty
Package: amstext 2000/06/29 v2.01 AMS text

(/usr/local/texlive/2016/texmf-dist/tex/latex/amsmath/amsgen.sty
File: amsgen.sty 1999/11/30 v2.0 generic functions
\@emptytoks=\toks18
\ex@=\dimen105
))
(/usr/local/texlive/2016/texmf-dist/tex/latex/amsmath/amsbsy.sty
Package: amsbsy 1999/11/29 v1.2d Bold Symbols
\pmbraise@=\dimen106
)
(/usr/local/texlive/2016/texmf-dist/tex/latex/amsmath/amsopn.sty
Package: amsopn 2016/03/08 v2.02 operator names
)
\inf@bad=\count89
LaTeX Info: Redefining \frac on input line 199.
\uproot@=\count90
\leftroot@=\count91
LaTeX Info: Redefining \overline on input line 297.
\classnum@=\count92
\DOTSCASE@=\count93
LaTeX Info: Redefining \ldots on input line 394.
LaTeX Info: Redefining \dots on input line 397.
LaTeX Info: Redefining \cdots on input line 518.
\Mathstrutbox@=\box26
\strutbox@=\box27
\big@size=\dimen107
LaTeX Font Info:    Redeclaring font encoding OML on input line 634.
LaTeX Font Info:    Redeclaring font encoding OMS on input line 635.
\macc@depth=\count94
\c@MaxMatrixCols=\count95
\dotsspace@=\muskip10
\c@parentequation=\count96
\dspbrk@lvl=\count97
\tag@help=\toks19
\row@=\count98
\column@=\count99
\maxfields@=\count100
\andhelp@=\toks20
\eqnshift@=\dimen108
\alignsep@=\dimen109
\tagshift@=\dimen110
\tagwidth@=\dimen111
\totwidth@=\dimen112
\lineht@=\dimen113
\@envbody=\toks21
\multlinegap=\skip53
\multlinetaggap=\skip54
\mathdisplay@stack=\toks22
LaTeX Info: Redefining \[ on input line 2739.
LaTeX Info: Redefining \] on input line 2740.
)
(/usr/local/texlive/2016/texmf-dist/tex/latex/amsfonts/amsfonts.sty
Package: amsfonts 2013/01/14 v3.01 Basic AMSFonts support
\symAMSa=\mathgroup4
\symAMSb=\mathgroup5
LaTeX Font Info:    Overwriting math alphabet `\mathfrak' in version `bold'
(Font)                  U/euf/m/n --> U/euf/b/n on input line 106.
)
(/usr/local/texlive/2016/texmf-dist/tex/latex/listings/listings.sty
\lst@mode=\count101
\lst@gtempboxa=\box28
\lst@token=\toks23
\lst@length=\count102
\lst@currlwidth=\dimen114
\lst@column=\count103
\lst@pos=\count104
\lst@lostspace=\dimen115
\lst@width=\dimen116
\lst@newlines=\count105
\lst@lineno=\count106
\lst@maxwidth=\dimen117

(/usr/local/texlive/2016/texmf-dist/tex/latex/listings/lstmisc.sty
File: lstmisc.sty 2015/06/04 1.6 (Carsten Heinz)
\c@lstnumber=\count107
\lst@skipnumbers=\count108
\lst@framebox=\box29
)
(/usr/local/texlive/2016/texmf-dist/tex/latex/listings/listings.cfg
File: listings.cfg 2015/06/04 1.6 listings configuration
))
Package: listings 2015/06/04 1.6 (Carsten Heinz)

(/usr/local/texlive/2016/texmf-dist/tex/latex/graphics/color.sty
Package: color 2016/05/09 v1.1c Standard LaTeX Color (DPC)

(/usr/local/texlive/2016/texmf-dist/tex/latex/graphics-cfg/color.cfg
File: color.cfg 2016/01/02 v1.6 sample color configuration
)
Package color Info: Driver file: pdftex.def on input line 144.
)
(/usr/local/texlive/2016/texmf-dist/tex/latex/tools/verbatim.sty
Package: verbatim 2014/10/28 v1.5q LaTeX2e package for verbatim enhancements
\every@verbatim=\toks24
\verbatim@line=\toks25
\verbatim@in@stream=\read1
)
(/usr/local/texlive/2016/texmf-dist/tex/latex/subfig/subfig.sty
Package: subfig 2005/06/28 ver: 1.3 subfig package

(/usr/local/texlive/2016/texmf-dist/tex/latex/caption/caption.sty
Package: caption 2016/02/21 v3.3-144 Customizing captions (AR)

(/usr/local/texlive/2016/texmf-dist/tex/latex/caption/caption3.sty
Package: caption3 2016/02/04 v1.7-139 caption3 kernel (AR)
Package caption3 Info: TeX engine: e-TeX on input line 67.
\captionmargin=\dimen118
\captionmargin@=\dimen119
\captionwidth=\dimen120
\caption@tempdima=\dimen121
\caption@indent=\dimen122
\caption@parindent=\dimen123
\caption@hangindent=\dimen124
)
\c@ContinuedFloat=\count109
Package caption Info: listings package is loaded.
)
\c@KVtest=\count110
\sf@farskip=\skip55
\sf@captopadj=\dimen125
\sf@capskip=\skip56
\sf@nearskip=\skip57
\c@subfigure=\count111
\c@subfigure@save=\count112
\c@lofdepth=\count113
\c@subtable=\count114
\c@subtable@save=\count115
\c@lotdepth=\count116
\sf@top=\skip58
\sf@bottom=\skip59
)
(/usr/local/texlive/2016/texmf-dist/tex/latex/truncate/truncate.sty
Package: truncate 2001/08/20  ver 3.6
\@Trunc@RestHyph=\toks26
)
(/usr/local/texlive/2016/texmf-dist/tex/latex/fancybox/fancybox.sty
Package: fancybox 2010/05/15 1.4

Style option: `fancybox' v1.4 <2010/05/15> (tvz)
\@fancybox=\box30
\shadowsize=\dimen126
\@Sbox=\box31
\do@VerbBox=\toks27
\the@fancyput=\toks28
\this@fancyput=\toks29
\EndVerbatimTokens=\toks30
\Verbatim@Outfile=\write3
\Verbatim@Infile=\read2
) (/usr/local/texlive/2016/texmf-dist/tex/latex/pgf/frontendlayer/tikz.sty
(/usr/local/texlive/2016/texmf-dist/tex/latex/pgf/basiclayer/pgf.sty
(/usr/local/texlive/2016/texmf-dist/tex/latex/pgf/utilities/pgfrcs.sty
(/usr/local/texlive/2016/texmf-dist/tex/generic/pgf/utilities/pgfutil-common.te
x
\pgfutil@everybye=\toks31
\pgfutil@tempdima=\dimen127
\pgfutil@tempdimb=\dimen128

(/usr/local/texlive/2016/texmf-dist/tex/generic/pgf/utilities/pgfutil-common-li
sts.tex))
(/usr/local/texlive/2016/texmf-dist/tex/generic/pgf/utilities/pgfutil-latex.def
\pgfutil@abb=\box32
(/usr/local/texlive/2016/texmf-dist/tex/latex/ms/everyshi.sty
Package: everyshi 2001/05/15 v3.00 EveryShipout Package (MS)
))
(/usr/local/texlive/2016/texmf-dist/tex/generic/pgf/utilities/pgfrcs.code.tex
Package: pgfrcs 2015/08/07 v3.0.1a (rcs-revision 1.31)
))
Package: pgf 2015/08/07 v3.0.1a (rcs-revision 1.15)
(/usr/local/texlive/2016/texmf-dist/tex/latex/pgf/basiclayer/pgfcore.sty
(/usr/local/texlive/2016/texmf-dist/tex/latex/pgf/systemlayer/pgfsys.sty
(/usr/local/texlive/2016/texmf-dist/tex/generic/pgf/systemlayer/pgfsys.code.tex
Package: pgfsys 2014/07/09 v3.0.1a (rcs-revision 1.48)
(/usr/local/texlive/2016/texmf-dist/tex/generic/pgf/utilities/pgfkeys.code.tex
\pgfkeys@pathtoks=\toks32
\pgfkeys@temptoks=\toks33

(/usr/local/texlive/2016/texmf-dist/tex/generic/pgf/utilities/pgfkeysfiltered.c
ode.tex
\pgfkeys@tmptoks=\toks34
))
\pgf@x=\dimen129
\pgf@y=\dimen130
\pgf@xa=\dimen131
\pgf@ya=\dimen132
\pgf@xb=\dimen133
\pgf@yb=\dimen134
\pgf@xc=\dimen135
\pgf@yc=\dimen136
\w@pgf@writea=\write4
\r@pgf@reada=\read3
\c@pgf@counta=\count117
\c@pgf@countb=\count118
\c@pgf@countc=\count119
\c@pgf@countd=\count120
\t@pgf@toka=\toks35
\t@pgf@tokb=\toks36
\t@pgf@tokc=\toks37

(/usr/local/texlive/2016/texmf-dist/tex/generic/pgf/systemlayer/pgf.cfg
File: pgf.cfg 2008/05/14  (rcs-revision 1.7)
)
Driver file for pgf: pgfsys-pdftex.def

(/usr/local/texlive/2016/texmf-dist/tex/generic/pgf/systemlayer/pgfsys-pdftex.d
ef
File: pgfsys-pdftex.def 2014/10/11  (rcs-revision 1.35)

(/usr/local/texlive/2016/texmf-dist/tex/generic/pgf/systemlayer/pgfsys-common-p
df.def
File: pgfsys-common-pdf.def 2013/10/10  (rcs-revision 1.13)
)))
(/usr/local/texlive/2016/texmf-dist/tex/generic/pgf/systemlayer/pgfsyssoftpath.
code.tex
File: pgfsyssoftpath.code.tex 2013/09/09  (rcs-revision 1.9)
\pgfsyssoftpath@smallbuffer@items=\count121
\pgfsyssoftpath@bigbuffer@items=\count122
)
(/usr/local/texlive/2016/texmf-dist/tex/generic/pgf/systemlayer/pgfsysprotocol.
code.tex
File: pgfsysprotocol.code.tex 2006/10/16  (rcs-revision 1.4)
)) (/usr/local/texlive/2016/texmf-dist/tex/latex/xcolor/xcolor.sty
Package: xcolor 2016/05/11 v2.12 LaTeX color extensions (UK)

(/usr/local/texlive/2016/texmf-dist/tex/latex/graphics-cfg/color.cfg
File: color.cfg 2016/01/02 v1.6 sample color configuration
)
Package xcolor Info: Driver file: pdftex.def on input line 225.
LaTeX Info: Redefining \color on input line 709.
Package xcolor Info: Model `cmy' substituted by `cmy0' on input line 1348.
Package xcolor Info: Model `hsb' substituted by `rgb' on input line 1352.
Package xcolor Info: Model `RGB' extended on input line 1364.
Package xcolor Info: Model `HTML' substituted by `rgb' on input line 1366.
Package xcolor Info: Model `Hsb' substituted by `hsb' on input line 1367.
Package xcolor Info: Model `tHsb' substituted by `hsb' on input line 1368.
Package xcolor Info: Model `HSB' substituted by `hsb' on input line 1369.
Package xcolor Info: Model `Gray' substituted by `gray' on input line 1370.
Package xcolor Info: Model `wave' substituted by `hsb' on input line 1371.
)
(/usr/local/texlive/2016/texmf-dist/tex/generic/pgf/basiclayer/pgfcore.code.tex
Package: pgfcore 2010/04/11 v3.0.1a (rcs-revision 1.7)
(/usr/local/texlive/2016/texmf-dist/tex/generic/pgf/math/pgfmath.code.tex
(/usr/local/texlive/2016/texmf-dist/tex/generic/pgf/math/pgfmathcalc.code.tex
(/usr/local/texlive/2016/texmf-dist/tex/generic/pgf/math/pgfmathutil.code.tex)
(/usr/local/texlive/2016/texmf-dist/tex/generic/pgf/math/pgfmathparser.code.tex
\pgfmath@dimen=\dimen137
\pgfmath@count=\count123
\pgfmath@box=\box33
\pgfmath@toks=\toks38
\pgfmath@stack@operand=\toks39
\pgfmath@stack@operation=\toks40
)
(/usr/local/texlive/2016/texmf-dist/tex/generic/pgf/math/pgfmathfunctions.code.
tex
(/usr/local/texlive/2016/texmf-dist/tex/generic/pgf/math/pgfmathfunctions.basic
.code.tex)
(/usr/local/texlive/2016/texmf-dist/tex/generic/pgf/math/pgfmathfunctions.trigo
nometric.code.tex)
(/usr/local/texlive/2016/texmf-dist/tex/generic/pgf/math/pgfmathfunctions.rando
m.code.tex)
(/usr/local/texlive/2016/texmf-dist/tex/generic/pgf/math/pgfmathfunctions.compa
rison.code.tex)
(/usr/local/texlive/2016/texmf-dist/tex/generic/pgf/math/pgfmathfunctions.base.
code.tex)
(/usr/local/texlive/2016/texmf-dist/tex/generic/pgf/math/pgfmathfunctions.round
.code.tex)
(/usr/local/texlive/2016/texmf-dist/tex/generic/pgf/math/pgfmathfunctions.misc.
code.tex)
(/usr/local/texlive/2016/texmf-dist/tex/generic/pgf/math/pgfmathfunctions.integ
erarithmetics.code.tex)))
(/usr/local/texlive/2016/texmf-dist/tex/generic/pgf/math/pgfmathfloat.code.tex
\c@pgfmathroundto@lastzeros=\count124
))
(/usr/local/texlive/2016/texmf-dist/tex/generic/pgf/basiclayer/pgfcorepoints.co
de.tex
File: pgfcorepoints.code.tex 2013/10/07  (rcs-revision 1.27)
\pgf@picminx=\dimen138
\pgf@picmaxx=\dimen139
\pgf@picminy=\dimen140
\pgf@picmaxy=\dimen141
\pgf@pathminx=\dimen142
\pgf@pathmaxx=\dimen143
\pgf@pathminy=\dimen144
\pgf@pathmaxy=\dimen145
\pgf@xx=\dimen146
\pgf@xy=\dimen147
\pgf@yx=\dimen148
\pgf@yy=\dimen149
\pgf@zx=\dimen150
\pgf@zy=\dimen151
)
(/usr/local/texlive/2016/texmf-dist/tex/generic/pgf/basiclayer/pgfcorepathconst
ruct.code.tex
File: pgfcorepathconstruct.code.tex 2013/10/07  (rcs-revision 1.29)
\pgf@path@lastx=\dimen152
\pgf@path@lasty=\dimen153
)
(/usr/local/texlive/2016/texmf-dist/tex/generic/pgf/basiclayer/pgfcorepathusage
.code.tex
File: pgfcorepathusage.code.tex 2014/11/02  (rcs-revision 1.24)
\pgf@shorten@end@additional=\dimen154
\pgf@shorten@start@additional=\dimen155
)
(/usr/local/texlive/2016/texmf-dist/tex/generic/pgf/basiclayer/pgfcorescopes.co
de.tex
File: pgfcorescopes.code.tex 2015/05/08  (rcs-revision 1.46)
\pgfpic=\box34
\pgf@hbox=\box35
\pgf@layerbox@main=\box36
\pgf@picture@serial@count=\count125
)
(/usr/local/texlive/2016/texmf-dist/tex/generic/pgf/basiclayer/pgfcoregraphicst
ate.code.tex
File: pgfcoregraphicstate.code.tex 2014/11/02  (rcs-revision 1.12)
\pgflinewidth=\dimen156
)
(/usr/local/texlive/2016/texmf-dist/tex/generic/pgf/basiclayer/pgfcoretransform
ations.code.tex
File: pgfcoretransformations.code.tex 2015/08/07  (rcs-revision 1.20)
\pgf@pt@x=\dimen157
\pgf@pt@y=\dimen158
\pgf@pt@temp=\dimen159
)
(/usr/local/texlive/2016/texmf-dist/tex/generic/pgf/basiclayer/pgfcorequick.cod
e.tex
File: pgfcorequick.code.tex 2008/10/09  (rcs-revision 1.3)
)
(/usr/local/texlive/2016/texmf-dist/tex/generic/pgf/basiclayer/pgfcoreobjects.c
ode.tex
File: pgfcoreobjects.code.tex 2006/10/11  (rcs-revision 1.2)
)
(/usr/local/texlive/2016/texmf-dist/tex/generic/pgf/basiclayer/pgfcorepathproce
ssing.code.tex
File: pgfcorepathprocessing.code.tex 2013/09/09  (rcs-revision 1.9)
)
(/usr/local/texlive/2016/texmf-dist/tex/generic/pgf/basiclayer/pgfcorearrows.co
de.tex
File: pgfcorearrows.code.tex 2015/05/14  (rcs-revision 1.43)
\pgfarrowsep=\dimen160
)
(/usr/local/texlive/2016/texmf-dist/tex/generic/pgf/basiclayer/pgfcoreshade.cod
e.tex
File: pgfcoreshade.code.tex 2013/07/15  (rcs-revision 1.15)
\pgf@max=\dimen161
\pgf@sys@shading@range@num=\count126
)
(/usr/local/texlive/2016/texmf-dist/tex/generic/pgf/basiclayer/pgfcoreimage.cod
e.tex
File: pgfcoreimage.code.tex 2013/07/15  (rcs-revision 1.18)

(/usr/local/texlive/2016/texmf-dist/tex/generic/pgf/basiclayer/pgfcoreexternal.
code.tex
File: pgfcoreexternal.code.tex 2014/07/09  (rcs-revision 1.21)
\pgfexternal@startupbox=\box37
))
(/usr/local/texlive/2016/texmf-dist/tex/generic/pgf/basiclayer/pgfcorelayers.co
de.tex
File: pgfcorelayers.code.tex 2013/07/18  (rcs-revision 1.7)
)
(/usr/local/texlive/2016/texmf-dist/tex/generic/pgf/basiclayer/pgfcoretranspare
ncy.code.tex
File: pgfcoretransparency.code.tex 2013/09/30  (rcs-revision 1.5)
)
(/usr/local/texlive/2016/texmf-dist/tex/generic/pgf/basiclayer/pgfcorepatterns.
code.tex
File: pgfcorepatterns.code.tex 2013/11/07  (rcs-revision 1.5)
)))
(/usr/local/texlive/2016/texmf-dist/tex/generic/pgf/modules/pgfmoduleshapes.cod
e.tex
File: pgfmoduleshapes.code.tex 2014/03/21  (rcs-revision 1.35)
\pgfnodeparttextbox=\box38
)
(/usr/local/texlive/2016/texmf-dist/tex/generic/pgf/modules/pgfmoduleplot.code.
tex
File: pgfmoduleplot.code.tex 2015/08/03  (rcs-revision 1.13)
)
(/usr/local/texlive/2016/texmf-dist/tex/latex/pgf/compatibility/pgfcomp-version
-0-65.sty
Package: pgfcomp-version-0-65 2007/07/03 v3.0.1a (rcs-revision 1.7)
\pgf@nodesepstart=\dimen162
\pgf@nodesepend=\dimen163
)
(/usr/local/texlive/2016/texmf-dist/tex/latex/pgf/compatibility/pgfcomp-version
-1-18.sty
Package: pgfcomp-version-1-18 2007/07/23 v3.0.1a (rcs-revision 1.1)
))
(/usr/local/texlive/2016/texmf-dist/tex/latex/pgf/utilities/pgffor.sty
(/usr/local/texlive/2016/texmf-dist/tex/latex/pgf/utilities/pgfkeys.sty
(/usr/local/texlive/2016/texmf-dist/tex/generic/pgf/utilities/pgfkeys.code.tex)
) (/usr/local/texlive/2016/texmf-dist/tex/latex/pgf/math/pgfmath.sty
(/usr/local/texlive/2016/texmf-dist/tex/generic/pgf/math/pgfmath.code.tex))
(/usr/local/texlive/2016/texmf-dist/tex/generic/pgf/utilities/pgffor.code.tex
Package: pgffor 2013/12/13 v3.0.1a (rcs-revision 1.25)

(/usr/local/texlive/2016/texmf-dist/tex/generic/pgf/math/pgfmath.code.tex)
\pgffor@iter=\dimen164
\pgffor@skip=\dimen165
\pgffor@stack=\toks41
\pgffor@toks=\toks42
))
(/usr/local/texlive/2016/texmf-dist/tex/generic/pgf/frontendlayer/tikz/tikz.cod
e.tex
Package: tikz 2015/08/07 v3.0.1a (rcs-revision 1.151)

(/usr/local/texlive/2016/texmf-dist/tex/generic/pgf/libraries/pgflibraryplothan
dlers.code.tex
File: pgflibraryplothandlers.code.tex 2013/08/31 v3.0.1a (rcs-revision 1.20)
\pgf@plot@mark@count=\count127
\pgfplotmarksize=\dimen166
)
\tikz@lastx=\dimen167
\tikz@lasty=\dimen168
\tikz@lastxsaved=\dimen169
\tikz@lastysaved=\dimen170
\tikzleveldistance=\dimen171
\tikzsiblingdistance=\dimen172
\tikz@figbox=\box39
\tikz@figbox@bg=\box40
\tikz@tempbox=\box41
\tikz@tempbox@bg=\box42
\tikztreelevel=\count128
\tikznumberofchildren=\count129
\tikznumberofcurrentchild=\count130
\tikz@fig@count=\count131

(/usr/local/texlive/2016/texmf-dist/tex/generic/pgf/modules/pgfmodulematrix.cod
e.tex
File: pgfmodulematrix.code.tex 2013/09/17  (rcs-revision 1.8)
\pgfmatrixcurrentrow=\count132
\pgfmatrixcurrentcolumn=\count133
\pgf@matrix@numberofcolumns=\count134
)
\tikz@expandcount=\count135

(/usr/local/texlive/2016/texmf-dist/tex/generic/pgf/frontendlayer/tikz/librarie
s/tikzlibrarytopaths.code.tex
File: tikzlibrarytopaths.code.tex 2008/06/17 v3.0.1a (rcs-revision 1.2)
)))
(/usr/local/texlive/2016/texmf-dist/tex/latex/tools/array.sty
Package: array 2014/10/28 v2.4c Tabular extension package (FMi)
\col@sep=\dimen173
\extrarowheight=\dimen174
\NC@list=\toks43
\extratabsurround=\skip60
\backup@length=\skip61
)
(/usr/local/texlive/2016/texmf-dist/tex/latex/multirow/multirow.sty
\bigstrutjot=\dimen175
)
(/usr/local/texlive/2016/texmf-dist/tex/generic/babel/babel.sty
Package: babel 2016/04/23 3.9r The Babel package

(/usr/local/texlive/2016/texmf-dist/tex/generic/babel-english/english.ldf
Language: english 2012/08/20 v3.3p English support from the babel system

(/usr/local/texlive/2016/texmf-dist/tex/generic/babel/babel.def
File: babel.def 2016/04/23 3.9r Babel common definitions
\babel@savecnt=\count136
\U@D=\dimen176
)
\l@canadian = a dialect from \language\l@american 
\l@australian = a dialect from \language\l@british 
\l@newzealand = a dialect from \language\l@british 
))
(/usr/local/texlive/2016/texmf-dist/tex/latex/amscls/amsthm.sty
Package: amsthm 2015/03/04 v2.20.2
\thm@style=\toks44
\thm@bodyfont=\toks45
\thm@headfont=\toks46
\thm@notefont=\toks47
\thm@headpunct=\toks48
\thm@preskip=\skip62
\thm@postskip=\skip63
\thm@headsep=\skip64
\dth@everypar=\toks49
)
(/usr/local/texlive/2016/texmf-dist/tex/latex/todonotes/todonotes.sty
Package: todonotes 2015/07/09 .dtx Todonotes source and documentation.
Package: todonotes 2012/07/25

(/usr/local/texlive/2016/texmf-dist/tex/latex/base/ifthen.sty
Package: ifthen 2014/09/29 v1.1c Standard LaTeX ifthen package (DPC)
)
(/usr/local/texlive/2016/texmf-dist/tex/latex/xkeyval/xkeyval.sty
Package: xkeyval 2014/12/03 v2.7a package option processing (HA)

(/usr/local/texlive/2016/texmf-dist/tex/generic/xkeyval/xkeyval.tex
(/usr/local/texlive/2016/texmf-dist/tex/generic/xkeyval/xkvutils.tex
\XKV@toks=\toks50
\XKV@tempa@toks=\toks51
)
\XKV@depth=\count137
File: xkeyval.tex 2014/12/03 v2.7a key=value parser (HA)
))
(/usr/local/texlive/2016/texmf-dist/tex/generic/pgf/frontendlayer/tikz/librarie
s/tikzlibrarypositioning.code.tex
File: tikzlibrarypositioning.code.tex 2008/10/06 v3.0.1a (rcs-revision 1.7)
)
(/usr/local/texlive/2016/texmf-dist/tex/latex/tools/calc.sty
Package: calc 2014/10/28 v4.3 Infix arithmetic (KKT,FJ)
\calc@Acount=\count138
\calc@Bcount=\count139
\calc@Adimen=\dimen177
\calc@Bdimen=\dimen178
\calc@Askip=\skip65
\calc@Bskip=\skip66
LaTeX Info: Redefining \setlength on input line 80.
LaTeX Info: Redefining \addtolength on input line 81.
\calc@Ccount=\count140
\calc@Cskip=\skip67
)
\c@@todonotes@numberoftodonotes=\count141
)
(/usr/local/texlive/2016/texmf-dist/tex/latex/algorithms/algorithm.sty
Package: algorithm 2009/08/24 v0.1 Document Style `algorithm' - floating enviro
nment

(/usr/local/texlive/2016/texmf-dist/tex/latex/float/float.sty
Package: float 2001/11/08 v1.3d Float enhancements (AL)
\c@float@type=\count142
\float@exts=\toks52
\float@box=\box43
\@float@everytoks=\toks53
\@floatcapt=\box44
)
\@float@every@algorithm=\toks54
\c@algorithm=\count143
)
(/usr/local/texlive/2016/texmf-dist/tex/latex/algorithmicx/algpseudocode.sty
Package: algpseudocode 

(/usr/local/texlive/2016/texmf-dist/tex/latex/algorithmicx/algorithmicx.sty
Package: algorithmicx 2005/04/27 v1.2 Algorithmicx

Document Style algorithmicx 1.2 - a greatly improved `algorithmic' style
\c@ALG@line=\count144
\c@ALG@rem=\count145
\c@ALG@nested=\count146
\ALG@tlm=\skip68
\ALG@thistlm=\skip69
\c@ALG@Lnr=\count147
\c@ALG@blocknr=\count148
\c@ALG@storecount=\count149
\c@ALG@tmpcounter=\count150
\ALG@tmplength=\skip70
)
Document Style - pseudocode environments for use with the `algorithmicx' style
) (/usr/local/texlive/2016/texmf-dist/tex/latex/mathtools/empheq.sty
Package: empheq 2014/07/16 v2.14 Emphasizing equations

(/usr/local/texlive/2016/texmf-dist/tex/latex/mathtools/mhsetup.sty
Package: mhsetup 2010/01/21 v1.2a programming setup (MH)
)
(/usr/local/texlive/2016/texmf-dist/tex/latex/mathtools/mathtools.sty
Package: mathtools 2015/11/12 v1.18 mathematical typesetting tools
LaTeX Info: Thecontrolsequence`\('isalreadyrobust on input line 129.
LaTeX Info: Thecontrolsequence`\)'isalreadyrobust on input line 129.
LaTeX Info: Thecontrolsequence`\['isalreadyrobust on input line 129.
LaTeX Info: Thecontrolsequence`\]'isalreadyrobust on input line 129.
\g_MT_multlinerow_int=\count151
\l_MT_multwidth_dim=\dimen179
\origjot=\skip71
\l_MT_shortvdotswithinadjustabove_dim=\dimen180
\l_MT_shortvdotswithinadjustbelow_dim=\dimen181
\l_MT_above_intertext_sep=\dimen182
\l_MT_below_intertext_sep=\dimen183
\l_MT_above_shortintertext_sep=\dimen184
\l_MT_below_shortintertext_sep=\dimen185
)
\l_EQ_equationtype_int=\count152
\l_EQ_alignmentmode_int=\count153
\l_EQ_totalwidth_dim=\dimen186
\l_EQ_displaywidth_dim=\dimen187
\l_EQ_temp_linewidth_dim=\dimen188
\EmphEqdelimitershortfall=\dimen189
\EmphEqdelimiterfactor=\count154
\g_EQ_toptag_height_dim=\dimen190
\g_EQ_bottomtag_depth_dim=\dimen191
\g_EQ_toprow_height_dim=\dimen192
\g_EQ_bottomrow_depth_dim=\dimen193
\g_EQ_widesttag_dim=\dimen194
\EQ_mathdisplay_box=\box45
\EQ_tag_box=\box46
\g_EQ_temprow_int=\count155
)
(/usr/local/texlive/2016/texmf-dist/tex/latex/booktabs/booktabs.sty
Package: booktabs 2016/04/27 v1.618033 publication quality tables
\heavyrulewidth=\dimen195
\lightrulewidth=\dimen196
\cmidrulewidth=\dimen197
\belowrulesep=\dimen198
\belowbottomsep=\dimen199
\aboverulesep=\dimen256
\abovetopsep=\dimen257
\cmidrulesep=\dimen258
\cmidrulekern=\dimen259
\defaultaddspace=\dimen260
\@cmidla=\count156
\@cmidlb=\count157
\@aboverulesep=\dimen261
\@belowrulesep=\dimen262
\@thisruleclass=\count158
\@lastruleclass=\count159
\@thisrulewidth=\dimen263
)
(/usr/local/texlive/2016/texmf-dist/tex/latex/geometry/geometry.sty
Package: geometry 2010/09/12 v5.6 Page Geometry

(/usr/local/texlive/2016/texmf-dist/tex/generic/oberdiek/ifpdf.sty
Package: ifpdf 2016/05/14 v3.1 Provides the ifpdf switch
)
(/usr/local/texlive/2016/texmf-dist/tex/generic/oberdiek/ifvtex.sty
Package: ifvtex 2016/05/16 v1.6 Detect VTeX and its facilities (HO)
Package ifvtex Info: VTeX not detected.
)
(/usr/local/texlive/2016/texmf-dist/tex/generic/ifxetex/ifxetex.sty
Package: ifxetex 2010/09/12 v0.6 Provides ifxetex conditional
)
\Gm@cnth=\count160
\Gm@cntv=\count161
\c@Gm@tempcnt=\count162
\Gm@bindingoffset=\dimen264
\Gm@wd@mp=\dimen265
\Gm@odd@mp=\dimen266
\Gm@even@mp=\dimen267
\Gm@layoutwidth=\dimen268
\Gm@layoutheight=\dimen269
\Gm@layouthoffset=\dimen270
\Gm@layoutvoffset=\dimen271
\Gm@dimlist=\toks55
)

Package geometry Warning: Over-specification in `h'-direction.
    `width' (597.50787pt) is ignored.


Package geometry Warning: Over-specification in `v'-direction.
    `height' (845.04684pt) is ignored.

\c@homeworkProblemCounter=\count163
(./final.aux)
\openout1 = `final.aux'.

LaTeX Font Info:    Checking defaults for OML/cmm/m/it on input line 217.
LaTeX Font Info:    ... okay on input line 217.
LaTeX Font Info:    Checking defaults for T1/cmr/m/n on input line 217.
LaTeX Font Info:    ... okay on input line 217.
LaTeX Font Info:    Checking defaults for OT1/cmr/m/n on input line 217.
LaTeX Font Info:    ... okay on input line 217.
LaTeX Font Info:    Checking defaults for OMS/cmsy/m/n on input line 217.
LaTeX Font Info:    ... okay on input line 217.
LaTeX Font Info:    Checking defaults for OMX/cmex/m/n on input line 217.
LaTeX Font Info:    ... okay on input line 217.
LaTeX Font Info:    Checking defaults for U/cmr/m/n on input line 217.
LaTeX Font Info:    ... okay on input line 217.
Package lastpage Info: Please have a look at the pageslts package at
(lastpage)             https://www.ctan.org/pkg/pageslts
(lastpage)             ! on input line 217.

(/usr/local/texlive/2016/texmf-dist/tex/context/base/mkii/supp-pdf.mkii
[Loading MPS to PDF converter (version 2006.09.02).]
\scratchcounter=\count164
\scratchdimen=\dimen272
\scratchbox=\box47
\nofMPsegments=\count165
\nofMParguments=\count166
\everyMPshowfont=\toks56
\MPscratchCnt=\count167
\MPscratchDim=\dimen273
\MPnumerator=\count168
\makeMPintoPDFobject=\count169
\everyMPtoPDFconversion=\toks57
) (/usr/local/texlive/2016/texmf-dist/tex/generic/oberdiek/pdftexcmds.sty
Package: pdftexcmds 2016/05/10 v0.21 Utility functions of pdfTeX for LuaTeX (HO
)

(/usr/local/texlive/2016/texmf-dist/tex/generic/oberdiek/ifluatex.sty
Package: ifluatex 2016/05/16 v1.4 Provides the ifluatex switch (HO)
Package ifluatex Info: LuaTeX not detected.
)
Package pdftexcmds Info: LuaTeX not detected.
Package pdftexcmds Info: \pdf@primitive is available.
Package pdftexcmds Info: \pdf@ifprimitive is available.
Package pdftexcmds Info: \pdfdraftmode found.
)
(/usr/local/texlive/2016/texmf-dist/tex/latex/oberdiek/epstopdf-base.sty
Package: epstopdf-base 2016/05/15 v2.6 Base part for package epstopdf

(/usr/local/texlive/2016/texmf-dist/tex/latex/oberdiek/grfext.sty
Package: grfext 2016/05/16 v1.2 Manage graphics extensions (HO)

(/usr/local/texlive/2016/texmf-dist/tex/generic/oberdiek/kvdefinekeys.sty
Package: kvdefinekeys 2016/05/16 v1.4 Define keys (HO)
))
(/usr/local/texlive/2016/texmf-dist/tex/latex/oberdiek/kvoptions.sty
Package: kvoptions 2016/05/16 v3.12 Key value format for package options (HO)

(/usr/local/texlive/2016/texmf-dist/tex/generic/oberdiek/kvsetkeys.sty
Package: kvsetkeys 2016/05/16 v1.17 Key value parser (HO)

(/usr/local/texlive/2016/texmf-dist/tex/generic/oberdiek/etexcmds.sty
Package: etexcmds 2016/05/16 v1.6 Avoid name clashes with e-TeX commands (HO)
Package etexcmds Info: Could not find \expanded.
(etexcmds)             That can mean that you are not using pdfTeX 1.50 or
(etexcmds)             that some package has redefined \expanded.
(etexcmds)             In the latter case, load this package earlier.
)))
Package grfext Info: Graphics extension search list:
(grfext)             [.png,.pdf,.jpg,.mps,.jpeg,.jbig2,.jb2,.PNG,.PDF,.JPG,.JPE
G,.JBIG2,.JB2,.eps]
(grfext)             \AppendGraphicsExtensions on input line 456.

(/usr/local/texlive/2016/texmf-dist/tex/latex/latexconfig/epstopdf-sys.cfg
File: epstopdf-sys.cfg 2010/07/13 v1.3 Configuration of (r)epstopdf for TeX Liv
e
))
\c@lstlisting=\count170
Package caption Info: Begin \AtBeginDocument code.
Package caption Info: subfig package v1.3 is loaded.
Package caption Info: float package is loaded.
Package caption Info: End \AtBeginDocument code.

ABD: EveryShipout initializing macros
\Hy@linkcounter=\count171

*geometry* driver: auto-detecting
*geometry* detected driver: pdftex
*geometry* verbose mode - [ preamble ] result:
* driver: pdftex
* paper: a4paper
* layout: <same size as paper>
* layoutoffset:(h,v)=(0.0pt,0.0pt)
* modes: 
* h-part:(L,W,R)=(56.9055pt, 483.69687pt, 56.9055pt)
* v-part:(T,H,B)=(56.9055pt, 731.23584pt, 56.9055pt)
* \paperwidth=597.50787pt
* \paperheight=845.04684pt
* \textwidth=469.75499pt
* \textheight=650.43pt
* \oddsidemargin=0.0pt
* \evensidemargin=0.0pt
* \topmargin=-32.52127pt
* \headheight=12.0pt
* \headsep=18.06749pt
* \topskip=10.0pt
* \footskip=30.0pt
* \marginparwidth=65.0pt
* \marginparsep=11.0pt
* \columnsep=10.0pt
* \skip\footins=9.0pt plus 4.0pt minus 2.0pt
* \hoffset=0.0pt
* \voffset=0.0pt
* \mag=1000
* \@twocolumnfalse
* \@twosidefalse
* \@mparswitchfalse
* \@reversemarginfalse
* (1in=72.27pt=25.4mm, 1cm=28.453pt)

LaTeX Font Info:    Try loading font information for U+msa on input line 219.
(/usr/local/texlive/2016/texmf-dist/tex/latex/amsfonts/umsa.fd
File: umsa.fd 2013/01/14 v3.01 AMS symbols A
)
LaTeX Font Info:    Try loading font information for U+msb on input line 219.

(/usr/local/texlive/2016/texmf-dist/tex/latex/amsfonts/umsb.fd
File: umsb.fd 2013/01/14 v3.01 AMS symbols B
) [1

{/usr/local/texlive/2016/texmf-var/fonts/map/pdftex/updmap/pdftex.map}] (./fina
l.toc)
\tf@toc=\write5
\openout5 = `final.toc'.


[2]
\c@theorem=\count172
\c@panostheorem=\count173
\mytemplen=\skip72
\mytempbox=\box48

Underfull \hbox (badness 10000) in paragraph at lines 304--305

 []


Underfull \hbox (badness 10000) in paragraph at lines 306--307

 []


Underfull \hbox (badness 10000) in paragraph at lines 308--309

 []

[3]
Underfull \hbox (badness 10000) in paragraph at lines 310--311

 []


Underfull \hbox (badness 10000) in paragraph at lines 315--316

 []


Underfull \hbox (badness 10000) in paragraph at lines 317--318

 []


Underfull \hbox (badness 10000) in paragraph at lines 319--320

 []


Underfull \hbox (badness 10000) in paragraph at lines 321--322

 []


Underfull \hbox (badness 10000) in paragraph at lines 323--324

 []

[4]
Overfull \hbox (9.954pt too wide) in paragraph at lines 332--342
 [][] 
 []


Underfull \hbox (badness 10000) in paragraph at lines 346--347

 []

[5]
Underfull \hbox (badness 10000) in paragraph at lines 370--372

 []


Underfull \hbox (badness 10000) in paragraph at lines 402--403

 []

[6]

LaTeX Font Warning: Font shape `OT1/cmr/bx/sc' undefined
(Font)              using `OT1/cmr/bx/n' instead on input line 407.

<../Code/ClassificationPlots/EFF_bar.pdf, id=36, 513.91635pt x 422.57474pt>
File: ../Code/ClassificationPlots/EFF_bar.pdf Graphic file (type pdf)

<use ../Code/ClassificationPlots/EFF_bar.pdf>
Package pdftex.def Info: ../Code/ClassificationPlots/EFF_bar.pdf used on input 
line 723.
(pdftex.def)             Requested size: 136.22578pt x 112.014pt.

<../Code/ClassificationPlots/GRO_bar.pdf, id=37, 513.91635pt x 422.57474pt>
File: ../Code/ClassificationPlots/GRO_bar.pdf Graphic file (type pdf)

<use ../Code/ClassificationPlots/GRO_bar.pdf>
Package pdftex.def Info: ../Code/ClassificationPlots/GRO_bar.pdf used on input 
line 729.
(pdftex.def)             Requested size: 136.22578pt x 112.014pt.

<../Code/ClassificationPlots/MKT_bar.pdf, id=38, 513.91635pt x 422.57474pt>
File: ../Code/ClassificationPlots/MKT_bar.pdf Graphic file (type pdf)

<use ../Code/ClassificationPlots/MKT_bar.pdf>
Package pdftex.def Info: ../Code/ClassificationPlots/MKT_bar.pdf used on input 
line 736.
(pdftex.def)             Requested size: 136.22578pt x 112.014pt.

<../Code/ClassificationPlots/EXP_bar.pdf, id=39, 513.91635pt x 422.57474pt>
File: ../Code/ClassificationPlots/EXP_bar.pdf Graphic file (type pdf)

<use ../Code/ClassificationPlots/EXP_bar.pdf>
Package pdftex.def Info: ../Code/ClassificationPlots/EXP_bar.pdf used on input 
line 743.
(pdftex.def)             Requested size: 136.22578pt x 112.014pt.

<../Code/ClassificationPlots/CPL_bar.pdf, id=40, 513.91635pt x 422.57474pt>
File: ../Code/ClassificationPlots/CPL_bar.pdf Graphic file (type pdf)

<use ../Code/ClassificationPlots/CPL_bar.pdf>
Package pdftex.def Info: ../Code/ClassificationPlots/CPL_bar.pdf used on input 
line 750.
(pdftex.def)             Requested size: 136.22578pt x 112.014pt.

<../Code/ClassificationPlots/INO_bar.pdf, id=41, 513.91635pt x 422.57474pt>
File: ../Code/ClassificationPlots/INO_bar.pdf Graphic file (type pdf)

<use ../Code/ClassificationPlots/INO_bar.pdf>
Package pdftex.def Info: ../Code/ClassificationPlots/INO_bar.pdf used on input 
line 757.
(pdftex.def)             Requested size: 136.22578pt x 112.014pt.

<../Code/ClassificationPlots/TCH_bar.pdf, id=42, 513.91635pt x 422.57474pt>
File: ../Code/ClassificationPlots/TCH_bar.pdf Graphic file (type pdf)

<use ../Code/ClassificationPlots/TCH_bar.pdf>
Package pdftex.def Info: ../Code/ClassificationPlots/TCH_bar.pdf used on input 
line 765.
(pdftex.def)             Requested size: 136.22578pt x 112.014pt.

<../Code/ClassificationPlots/JNT_bar.pdf, id=43, 513.91635pt x 422.57474pt>
File: ../Code/ClassificationPlots/JNT_bar.pdf Graphic file (type pdf)

<use ../Code/ClassificationPlots/JNT_bar.pdf>
Package pdftex.def Info: ../Code/ClassificationPlots/JNT_bar.pdf used on input 
line 771.
(pdftex.def)             Requested size: 136.22578pt x 112.014pt.

<../Code/ClassificationPlots/PTN_bar.pdf, id=44, 513.91635pt x 422.57474pt>
File: ../Code/ClassificationPlots/PTN_bar.pdf Graphic file (type pdf)

<use ../Code/ClassificationPlots/PTN_bar.pdf>
Package pdftex.def Info: ../Code/ClassificationPlots/PTN_bar.pdf used on input 
line 777.
(pdftex.def)             Requested size: 136.22578pt x 112.014pt.

<../Code/ClassificationPlots/MAC_bar.pdf, id=45, 513.91635pt x 422.57474pt>
File: ../Code/ClassificationPlots/MAC_bar.pdf Graphic file (type pdf)

<use ../Code/ClassificationPlots/MAC_bar.pdf>
Package pdftex.def Info: ../Code/ClassificationPlots/MAC_bar.pdf used on input 
line 783.
(pdftex.def)             Requested size: 136.22578pt x 112.014pt.

<../Code/ClassificationPlots/VPR_bar.pdf, id=46, 513.91635pt x 422.57474pt>
File: ../Code/ClassificationPlots/VPR_bar.pdf Graphic file (type pdf)

<use ../Code/ClassificationPlots/VPR_bar.pdf>
Package pdftex.def Info: ../Code/ClassificationPlots/VPR_bar.pdf used on input 
line 790.
(pdftex.def)             Requested size: 136.22578pt x 112.014pt.

<../Code/ClassificationPlots/PPL_bar.pdf, id=47, 513.91635pt x 422.57474pt>
File: ../Code/ClassificationPlots/PPL_bar.pdf Graphic file (type pdf)

<use ../Code/ClassificationPlots/PPL_bar.pdf>
Package pdftex.def Info: ../Code/ClassificationPlots/PPL_bar.pdf used on input 
line 797.
(pdftex.def)             Requested size: 136.22578pt x 112.014pt.

<../Code/ClassificationPlots/SCH_bar.pdf, id=48, 513.91635pt x 422.57474pt>
File: ../Code/ClassificationPlots/SCH_bar.pdf Graphic file (type pdf)

<use ../Code/ClassificationPlots/SCH_bar.pdf>
Package pdftex.def Info: ../Code/ClassificationPlots/SCH_bar.pdf used on input 
line 804.
(pdftex.def)             Requested size: 136.22578pt x 112.014pt.

<../Code/ClassificationPlots/PRT_bar.pdf, id=49, 513.91635pt x 422.57474pt>
File: ../Code/ClassificationPlots/PRT_bar.pdf Graphic file (type pdf)

<use ../Code/ClassificationPlots/PRT_bar.pdf>
Package pdftex.def Info: ../Code/ClassificationPlots/PRT_bar.pdf used on input 
line 812.
(pdftex.def)             Requested size: 136.22578pt x 112.014pt.

<../Code/ClassificationPlots/MGR_bar.pdf, id=50, 513.91635pt x 422.57474pt>
File: ../Code/ClassificationPlots/MGR_bar.pdf Graphic file (type pdf)

<use ../Code/ClassificationPlots/MGR_bar.pdf>
Package pdftex.def Info: ../Code/ClassificationPlots/MGR_bar.pdf used on input 
line 820.
(pdftex.def)             Requested size: 136.22578pt x 112.014pt.

<../Code/ClassificationPlots/SOM_bar.pdf, id=51, 513.91635pt x 422.57474pt>
File: ../Code/ClassificationPlots/SOM_bar.pdf Graphic file (type pdf)

<use ../Code/ClassificationPlots/SOM_bar.pdf>
Package pdftex.def Info: ../Code/ClassificationPlots/SOM_bar.pdf used on input 
line 830.
(pdftex.def)             Requested size: 136.22578pt x 112.014pt.

<../Code/ClassificationPlots/MXS_bar.pdf, id=52, 513.91635pt x 422.57474pt>
File: ../Code/ClassificationPlots/MXS_bar.pdf Graphic file (type pdf)

<use ../Code/ClassificationPlots/MXS_bar.pdf>
Package pdftex.def Info: ../Code/ClassificationPlots/MXS_bar.pdf used on input 
line 837.
(pdftex.def)             Requested size: 136.22578pt x 112.014pt.

<../Code/ClassificationPlots/CMP_bar.pdf, id=53, 513.91635pt x 422.57474pt>
File: ../Code/ClassificationPlots/CMP_bar.pdf Graphic file (type pdf)

<use ../Code/ClassificationPlots/CMP_bar.pdf>
Package pdftex.def Info: ../Code/ClassificationPlots/CMP_bar.pdf used on input 
line 844.
(pdftex.def)             Requested size: 136.22578pt x 112.014pt.

<../Code/ClassificationPlots/MDV_bar.pdf, id=54, 513.91635pt x 422.57474pt>
File: ../Code/ClassificationPlots/MDV_bar.pdf Graphic file (type pdf)

<use ../Code/ClassificationPlots/MDV_bar.pdf>
Package pdftex.def Info: ../Code/ClassificationPlots/MDV_bar.pdf used on input 
line 849.
(pdftex.def)             Requested size: 136.22578pt x 112.014pt.

<../Code/ClassificationPlots/rating_bar.pdf, id=55, 513.91635pt x 417.31194pt>
File: ../Code/ClassificationPlots/rating_bar.pdf Graphic file (type pdf)

<use ../Code/ClassificationPlots/rating_bar.pdf>
Package pdftex.def Info: ../Code/ClassificationPlots/rating_bar.pdf used on inp
ut line 855.
(pdftex.def)             Requested size: 136.22578pt x 110.61897pt.
 [7] [8 <../Code/ClassificationPlots/EFF_bar.pdf> <../Code/ClassificationPlots/
GRO_bar.pdf

pdfTeX warning: /Library/TeX/texbin/pdflatex (file ../Code/ClassificationPlots/
GRO_bar.pdf): PDF inclusion: multiple pdfs with page group included in a single
 page
> <../Code/ClassificationPlots/MKT_bar.pdf

pdfTeX warning: /Library/TeX/texbin/pdflatex (file ../Code/ClassificationPlots/
MKT_bar.pdf): PDF inclusion: multiple pdfs with page group included in a single
 page
> <../Code/ClassificationPlots/EXP_bar.pdf

pdfTeX warning: /Library/TeX/texbin/pdflatex (file ../Code/ClassificationPlots/
EXP_bar.pdf): PDF inclusion: multiple pdfs with page group included in a single
 page
> <../Code/ClassificationPlots/CPL_bar.pdf

pdfTeX warning: /Library/TeX/texbin/pdflatex (file ../Code/ClassificationPlots/
CPL_bar.pdf): PDF inclusion: multiple pdfs with page group included in a single
 page
> <../Code/ClassificationPlots/INO_bar.pdf

pdfTeX warning: /Library/TeX/texbin/pdflatex (file ../Code/ClassificationPlots/
INO_bar.pdf): PDF inclusion: multiple pdfs with page group included in a single
 page
> <../Code/ClassificationPlots/TCH_bar.pdf

pdfTeX warning: /Library/TeX/texbin/pdflatex (file ../Code/ClassificationPlots/
TCH_bar.pdf): PDF inclusion: multiple pdfs with page group included in a single
 page
> <../Code/ClassificationPlots/JNT_bar.pdf

pdfTeX warning: /Library/TeX/texbin/pdflatex (file ../Code/ClassificationPlots/
JNT_bar.pdf): PDF inclusion: multiple pdfs with page group included in a single
 page
> <../Code/ClassificationPlots/PTN_bar.pdf

pdfTeX warning: /Library/TeX/texbin/pdflatex (file ../Code/ClassificationPlots/
PTN_bar.pdf): PDF inclusion: multiple pdfs with page group included in a single
 page
> <../Code/ClassificationPlots/MAC_bar.pdf

pdfTeX warning: /Library/TeX/texbin/pdflatex (file ../Code/ClassificationPlots/
MAC_bar.pdf): PDF inclusion: multiple pdfs with page group included in a single
 page
> <../Code/ClassificationPlots/VPR_bar.pdf

pdfTeX warning: /Library/TeX/texbin/pdflatex (file ../Code/ClassificationPlots/
VPR_bar.pdf): PDF inclusion: multiple pdfs with page group included in a single
 page
> <../Code/ClassificationPlots/PPL_bar.pdf

pdfTeX warning: /Library/TeX/texbin/pdflatex (file ../Code/ClassificationPlots/
PPL_bar.pdf): PDF inclusion: multiple pdfs with page group included in a single
 page
> <../Code/ClassificationPlots/SCH_bar.pdf

pdfTeX warning: /Library/TeX/texbin/pdflatex (file ../Code/ClassificationPlots/
SCH_bar.pdf): PDF inclusion: multiple pdfs with page group included in a single
 page
> <../Code/ClassificationPlots/PRT_bar.pdf

pdfTeX warning: /Library/TeX/texbin/pdflatex (file ../Code/ClassificationPlots/
PRT_bar.pdf): PDF inclusion: multiple pdfs with page group included in a single
 page
> <../Code/ClassificationPlots/MGR_bar.pdf

pdfTeX warning: /Library/TeX/texbin/pdflatex (file ../Code/ClassificationPlots/
MGR_bar.pdf): PDF inclusion: multiple pdfs with page group included in a single
 page
>] [9 <../Code/ClassificationPlots/SOM_bar.pdf> <../Code/ClassificationPlots/MX
S_bar.pdf

pdfTeX warning: /Library/TeX/texbin/pdflatex (file ../Code/ClassificationPlots/
MXS_bar.pdf): PDF inclusion: multiple pdfs with page group included in a single
 page
> <../Code/ClassificationPlots/CMP_bar.pdf

pdfTeX warning: /Library/TeX/texbin/pdflatex (file ../Code/ClassificationPlots/
CMP_bar.pdf): PDF inclusion: multiple pdfs with page group included in a single
 page
> <../Code/ClassificationPlots/MDV_bar.pdf

pdfTeX warning: /Library/TeX/texbin/pdflatex (file ../Code/ClassificationPlots/
MDV_bar.pdf): PDF inclusion: multiple pdfs with page group included in a single
 page
> <../Code/ClassificationPlots/rating_bar.pdf

pdfTeX warning: /Library/TeX/texbin/pdflatex (file ../Code/ClassificationPlots/
rating_bar.pdf): PDF inclusion: multiple pdfs with page group included in a sin
gle page
>]
Overfull \hbox (8.6146pt too wide) in paragraph at lines 872--872
[]\OT1/cmr/bx/n/14.4 Problem 2: As-so-ci-a-tion Anal-y-sis of Suc-cess-ful Com-
pa-nies (20 points) 
 []


Underfull \hbox (badness 10000) in paragraph at lines 897--899

 []


Underfull \hbox (badness 10000) in paragraph at lines 908--910

 []

[10

]
Underfull \hbox (badness 10000) in paragraph at lines 911--912

 []

<../Code/ClassificationPlots/rules_green.pdf, id=644, 505.89pt x 505.89pt>
File: ../Code/ClassificationPlots/rules_green.pdf Graphic file (type pdf)

<use ../Code/ClassificationPlots/rules_green.pdf>
Package pdftex.def Info: ../Code/ClassificationPlots/rules_green.pdf used on in
put line 920.
(pdftex.def)             Requested size: 281.85585pt x 281.86067pt.
 [11 <../Code/ClassificationPlots/rules_green.pdf>]
Underfull \hbox (badness 10000) in paragraph at lines 929--930

 []


Underfull \hbox (badness 10000) in paragraph at lines 931--932

 []


Underfull \hbox (badness 10000) in paragraph at lines 933--934

 []


Underfull \hbox (badness 10000) in paragraph at lines 935--936

 []


Underfull \hbox (badness 10000) in paragraph at lines 937--938

 []


Underfull \hbox (badness 10000) in paragraph at lines 948--949

 []

<../Code/ClassificationPlots/rules_red.pdf, id=655, 505.89pt x 505.89pt>
File: ../Code/ClassificationPlots/rules_red.pdf Graphic file (type pdf)

<use ../Code/ClassificationPlots/rules_red.pdf>
Package pdftex.def Info: ../Code/ClassificationPlots/rules_red.pdf used on inpu
t line 954.
(pdftex.def)             Requested size: 281.85585pt x 281.86067pt.
 [12]
Underfull \hbox (badness 10000) in paragraph at lines 962--963

 []


Underfull \hbox (badness 10000) in paragraph at lines 966--967

 []


Underfull \hbox (badness 10000) in paragraph at lines 970--971

 []

[13 <../Code/ClassificationPlots/rules_red.pdf>] [14]
Underfull \hbox (badness 10000) in paragraph at lines 985--986

 []


Underfull \hbox (badness 10000) in paragraph at lines 987--988

 []

LaTeX Font Info:    Try loading font information for OMS+cmr on input line 993.

(/usr/local/texlive/2016/texmf-dist/tex/latex/base/omscmr.fd
File: omscmr.fd 2014/09/29 v2.5h Standard LaTeX font definitions
)
LaTeX Font Info:    Font shape `OMS/cmr/m/n' in size <10> not available
(Font)              Font shape `OMS/cmsy/m/n' tried instead on input line 993.
 [15

] [16]
Overfull \hbox (39.8097pt too wide) in paragraph at lines 1061--1062
[]\OT1/cmr/m/sc/12 Correlation\OT1/cmr/m/n/12 : As ex-plained, this vari-able i
s most strongly cor-re-lated with \OT1/cmtt/m/n/12 amount[]funded\OT1/cmr/m/n/1
2 . 
 []

[17]
Underfull \hbox (badness 10000) in paragraph at lines 1093--1094

 []


Underfull \hbox (badness 10000) in paragraph at lines 1095--1096

 []


Underfull \hbox (badness 10000) in paragraph at lines 1098--1099

 []

[18] <../Code/ClusteringPlots/amt_hist.pdf, id=686, 525.00359pt x 403.42908pt>
File: ../Code/ClusteringPlots/amt_hist.pdf Graphic file (type pdf)

<use ../Code/ClusteringPlots/amt_hist.pdf>
Package pdftex.def Info: ../Code/ClusteringPlots/amt_hist.pdf used on input lin
e 1181.
(pdftex.def)             Requested size: 211.3883pt x 162.43372pt.

<../Code/ClusteringPlots/prj_hist.pdf, id=687, 542.38884pt x 403.42908pt>
File: ../Code/ClusteringPlots/prj_hist.pdf Graphic file (type pdf)

<use ../Code/ClusteringPlots/prj_hist.pdf>
Package pdftex.def Info: ../Code/ClusteringPlots/prj_hist.pdf used on input lin
e 1182.
(pdftex.def)             Requested size: 211.3883pt x 157.23206pt.

<../Code/ClusteringPlots/backers_hist.pdf, id=688, 538.55421pt x 403.42908pt>
File: ../Code/ClusteringPlots/backers_hist.pdf Graphic file (type pdf)

<use ../Code/ClusteringPlots/backers_hist.pdf>
Package pdftex.def Info: ../Code/ClusteringPlots/backers_hist.pdf used on input
 line 1183.
(pdftex.def)             Requested size: 211.3883pt x 158.34625pt.

<../Code/ClusteringPlots/amount_fundednumber_backers_scatter.pdf, id=689, 542.5
5353pt x 403.88391pt>
File: ../Code/ClusteringPlots/amount_fundednumber_backers_scatter.pdf Graphic f
ile (type pdf)

<use ../Code/ClusteringPlots/amount_fundednumber_backers_scatter.pdf>
Package pdftex.def Info: ../Code/ClusteringPlots/amount_fundednumber_backers_sc
atter.pdf used on input line 1184.
(pdftex.def)             Requested size: 234.87749pt x 174.84378pt.

<../Code/ClusteringPlots/amount_fundedproject_goal_scatter.pdf, id=690, 550.222
81pt x 403.88391pt>
File: ../Code/ClusteringPlots/amount_fundedproject_goal_scatter.pdf Graphic fil
e (type pdf)

<use ../Code/ClusteringPlots/amount_fundedproject_goal_scatter.pdf>
Package pdftex.def Info: ../Code/ClusteringPlots/amount_fundedproject_goal_scat
ter.pdf used on input line 1185.
(pdftex.def)             Requested size: 234.87749pt x 172.40948pt.

<../Code/ClusteringPlots/project_goalnumber_backers_scatter.pdf, id=691, 559.93
878pt x 403.88391pt>
File: ../Code/ClusteringPlots/project_goalnumber_backers_scatter.pdf Graphic fi
le (type pdf)

<use ../Code/ClusteringPlots/project_goalnumber_backers_scatter.pdf>
Package pdftex.def Info: ../Code/ClusteringPlots/project_goalnumber_backers_sca
tter.pdf used on input line 1186.
(pdftex.def)             Requested size: 234.87749pt x 169.42055pt.
 [19]
Underfull \hbox (badness 10000) in paragraph at lines 1195--1196

 []


Underfull \hbox (badness 10000) in paragraph at lines 1197--1198

 []

[20 <../Code/ClusteringPlots/amt_hist.pdf> <../Code/ClusteringPlots/prj_hist.pd
f

pdfTeX warning: /Library/TeX/texbin/pdflatex (file ../Code/ClusteringPlots/prj_
hist.pdf): PDF inclusion: multiple pdfs with page group included in a single pa
ge
> <../Code/ClusteringPlots/backers_hist.pdf

pdfTeX warning: /Library/TeX/texbin/pdflatex (file ../Code/ClusteringPlots/back
ers_hist.pdf): PDF inclusion: multiple pdfs with page group included in a singl
e page
> <../Code/ClusteringPlots/amount_fundednumber_backers_scatter.pdf

pdfTeX warning: /Library/TeX/texbin/pdflatex (file ../Code/ClusteringPlots/amou
nt_fundednumber_backers_scatter.pdf): PDF inclusion: multiple pdfs with page gr
oup included in a single page
> <../Code/ClusteringPlots/amount_fundedproject_goal_scatter.pdf

pdfTeX warning: /Library/TeX/texbin/pdflatex (file ../Code/ClusteringPlots/amou
nt_fundedproject_goal_scatter.pdf): PDF inclusion: multiple pdfs with page grou
p included in a single page
> <../Code/ClusteringPlots/project_goalnumber_backers_scatter.pdf

pdfTeX warning: /Library/TeX/texbin/pdflatex (file ../Code/ClusteringPlots/proj
ect_goalnumber_backers_scatter.pdf): PDF inclusion: multiple pdfs with page gro
up included in a single page
>]
Underfull \hbox (badness 10000) in paragraph at lines 1199--1200

 []


Underfull \hbox (badness 10000) in paragraph at lines 1203--1204

 []

<../Code/ClusteringPlots/kmeans.pdf, id=868, 522.87784pt x 374.59167pt>
File: ../Code/ClusteringPlots/kmeans.pdf Graphic file (type pdf)

<use ../Code/ClusteringPlots/kmeans.pdf>
Package pdftex.def Info: ../Code/ClusteringPlots/kmeans.pdf used on input line 
1215.
(pdftex.def)             Requested size: 281.85585pt x 201.9221pt.

Underfull \hbox (badness 10000) in paragraph at lines 1223--1224

 []

<../Code/ClusteringPlots/best_kmeans.pdf, id=869, 1445.4pt x 722.7pt>
File: ../Code/ClusteringPlots/best_kmeans.pdf Graphic file (type pdf)

<use ../Code/ClusteringPlots/best_kmeans.pdf>
Package pdftex.def Info: ../Code/ClusteringPlots/best_kmeans.pdf used on input 
line 1227.
(pdftex.def)             Requested size: 469.75499pt x 234.87471pt.
 [21] [22 <../Code/ClusteringPlots/kmeans.pdf> <../Code/ClusteringPlots/best_km
eans.pdf

pdfTeX warning: /Library/TeX/texbin/pdflatex (file ../Code/ClusteringPlots/best
_kmeans.pdf): PDF inclusion: multiple pdfs with page group included in a single
 page
>]
LaTeX Font Info:    Font shape `OMS/cmr/m/n' in size <12> not available
(Font)              Font shape `OMS/cmsy/m/n' tried instead on input line 1240.


Underfull \hbox (badness 10000) in paragraph at lines 1245--1246

 []

<../Code/ClusteringPlots/single_link.pdf, id=955, 1445.4pt x 722.7pt>
File: ../Code/ClusteringPlots/single_link.pdf Graphic file (type pdf)

<use ../Code/ClusteringPlots/single_link.pdf>
Package pdftex.def Info: ../Code/ClusteringPlots/single_link.pdf used on input 
line 1249.
(pdftex.def)             Requested size: 469.75499pt x 234.87471pt.

<../Code/ClusteringPlots/complete_link.pdf, id=956, 1445.4pt x 722.7pt>
File: ../Code/ClusteringPlots/complete_link.pdf Graphic file (type pdf)

<use ../Code/ClusteringPlots/complete_link.pdf>
Package pdftex.def Info: ../Code/ClusteringPlots/complete_link.pdf used on inpu
t line 1259.
(pdftex.def)             Requested size: 469.75499pt x 234.87471pt.

<../Code/ClusteringPlots/average_link.pdf, id=957, 1445.4pt x 722.7pt>
File: ../Code/ClusteringPlots/average_link.pdf Graphic file (type pdf)

<use ../Code/ClusteringPlots/average_link.pdf>
Package pdftex.def Info: ../Code/ClusteringPlots/average_link.pdf used on input
 line 1270.
(pdftex.def)             Requested size: 469.75499pt x 234.87471pt.

Underfull \hbox (badness 10000) in paragraph at lines 1278--1279

 []

<../Code/ClusteringPlots/dendro.pdf, id=958, 1453.64333pt x 660.10052pt>
File: ../Code/ClusteringPlots/dendro.pdf Graphic file (type pdf)

<use ../Code/ClusteringPlots/dendro.pdf>
Package pdftex.def Info: ../Code/ClusteringPlots/dendro.pdf used on input line 
1284.
(pdftex.def)             Requested size: 469.75499pt x 213.31137pt.

<../Code/ClusteringPlots/best_dbscan_minpoints_5.pdf, id=959, 1445.4pt x 722.7p
t>
File: ../Code/ClusteringPlots/best_dbscan_minpoints_5.pdf Graphic file (type pd
f)
 <use ../Code/ClusteringPlots/best_dbscan_minpoints_5.pdf>
Package pdftex.def Info: ../Code/ClusteringPlots/best_dbscan_minpoints_5.pdf us
ed on input line 1295.
(pdftex.def)             Requested size: 469.75499pt x 234.87471pt.
 [23 <../Code/ClusteringPlots/single_link.pdf>] [24 <../Code/ClusteringPlots/co
mplete_link.pdf> <../Code/ClusteringPlots/average_link.pdf

pdfTeX warning: /Library/TeX/texbin/pdflatex (file ../Code/ClusteringPlots/aver
age_link.pdf): PDF inclusion: multiple pdfs with page group included in a singl
e page
>] <../Code/ClusteringPlots/best_gaussian.pdf, id=1104, 1445.4pt x 722.7pt>
File: ../Code/ClusteringPlots/best_gaussian.pdf Graphic file (type pdf)

<use ../Code/ClusteringPlots/best_gaussian.pdf>
Package pdftex.def Info: ../Code/ClusteringPlots/best_gaussian.pdf used on inpu
t line 1308.
(pdftex.def)             Requested size: 469.75499pt x 234.87471pt.
 [25 <../Code/ClusteringPlots/dendro.pdf>]
Underfull \hbox (badness 10000) in paragraph at lines 1322--1323

 []

[26 <../Code/ClusteringPlots/best_dbscan_minpoints_5.pdf> <../Code/ClusteringPl
ots/best_gaussian.pdf

pdfTeX warning: /Library/TeX/texbin/pdflatex (file ../Code/ClusteringPlots/best
_gaussian.pdf): PDF inclusion: multiple pdfs with page group included in a sing
le page
>] [27]
Underfull \hbox (badness 10000) in paragraph at lines 1336--1337

 []


Underfull \hbox (badness 10000) in paragraph at lines 1353--1354

 []


Underfull \hbox (badness 10000) in paragraph at lines 1355--1356

 []


AED: lastpage setting LastPage
[28

] (./final.aux)

LaTeX Font Warning: Some font shapes were not available, defaults substituted.

 ) 
Here is how much of TeX's memory you used:
 18663 strings out of 493014
 347322 string characters out of 6133351
 518870 words of memory out of 5000000
 21771 multiletter control sequences out of 15000+600000
 14128 words of font info for 55 fonts, out of 8000000 for 9000
 1141 hyphenation exceptions out of 8191
 55i,15n,87p,966b,615s stack positions out of 5000i,500n,10000p,200000b,80000s
</usr/local/texlive/2016/texmf-dist/fonts/type1/public/amsfonts/cm/cmbx10.pfb
></usr/local/texlive/2016/texmf-dist/fonts/type1/public/amsfonts/cm/cmbx12.pfb>
</usr/local/texlive/2016/texmf-dist/fonts/type1/public/amsfonts/cm/cmcsc10.pfb>
</usr/local/texlive/2016/texmf-dist/fonts/type1/public/amsfonts/cm/cmmi10.pfb><
/usr/local/texlive/2016/texmf-dist/fonts/type1/public/amsfonts/cm/cmmi12.pfb></
usr/local/texlive/2016/texmf-dist/fonts/type1/public/amsfonts/cm/cmr10.pfb></us
r/local/texlive/2016/texmf-dist/fonts/type1/public/amsfonts/cm/cmr12.pfb></usr/
local/texlive/2016/texmf-dist/fonts/type1/public/amsfonts/cm/cmr8.pfb></usr/loc
al/texlive/2016/texmf-dist/fonts/type1/public/amsfonts/cm/cmr9.pfb></usr/local/
texlive/2016/texmf-dist/fonts/type1/public/amsfonts/cm/cmsl10.pfb></usr/local/t
exlive/2016/texmf-dist/fonts/type1/public/amsfonts/cm/cmsy10.pfb></usr/local/te
xlive/2016/texmf-dist/fonts/type1/public/amsfonts/cm/cmti12.pfb></usr/local/tex
live/2016/texmf-dist/fonts/type1/public/amsfonts/cm/cmti9.pfb></usr/local/texli
ve/2016/texmf-dist/fonts/type1/public/amsfonts/cm/cmtt10.pfb></usr/local/texliv
e/2016/texmf-dist/fonts/type1/public/amsfonts/cm/cmtt12.pfb>
Output written on final.pdf (28 pages, 1226096 bytes).
PDF statistics:
 1329 PDF objects out of 1440 (max. 8388607)
 301 compressed objects within 4 object streams
 0 named destinations out of 1000 (max. 500000)
 193 words of extra memory for PDF output out of 10000 (max. 10000000)

